version https://git-lfs.github.com/spec/v1
oid sha256:462b0bdda2947e67202d17b9801f2279bdfec7ef6169e6f2ee292031e4308f2e
size 3175
