version https://git-lfs.github.com/spec/v1
oid sha256:02b1df6518ec3e3c65abbccf50a0cf2bbe60c72063392180503cb3e65d3a368d
size 4409
