version https://git-lfs.github.com/spec/v1
oid sha256:99148f5b4db02fbba5040189c1393ec1cec40cabe0a2c5e56bbe568d0c564ab7
size 1121
