version https://git-lfs.github.com/spec/v1
oid sha256:6889d5a04dcc16c7522f73a7eee30d7df9cf8ce88be13089a2ba222efd223ee8
size 1017
