version https://git-lfs.github.com/spec/v1
oid sha256:5b39d889e690e3e5c900161ce5660f123ed5d6a2a895a74d47d7740209a02b60
size 1220
