version https://git-lfs.github.com/spec/v1
oid sha256:54437f7b716afedc9a56c7365f6d244486ccbec5dc3a971b21485587e1cc1cf2
size 926
