version https://git-lfs.github.com/spec/v1
oid sha256:433fc60382f7150980e3228db835ecff26efe8b1885dde42393234254e0e06b9
size 1283
