version https://git-lfs.github.com/spec/v1
oid sha256:40cb8493e884b100664496c421e305afb18ae360971e8f27e0744e967676fe77
size 4974
