version https://git-lfs.github.com/spec/v1
oid sha256:3f7f7bbe1697c99772108883f0c4ecd42f36b586fe34c7dfbc2e1e12962d318f
size 1210
