version https://git-lfs.github.com/spec/v1
oid sha256:27df319eb4d84c9fcf417f2aaca11abab191583cd6f504bd846fc4d3c6a8cd40
size 1297
