version https://git-lfs.github.com/spec/v1
oid sha256:bc1de78647ee13d2b35cd2f20f4506818533c12b0f5337d4f0f399cec65e5ca7
size 1033
