version https://git-lfs.github.com/spec/v1
oid sha256:aac9305e7891491578dcb37691a77841f32bb0d1636563d4ee39918afc75399f
size 1107
