version https://git-lfs.github.com/spec/v1
oid sha256:6eda09117972a1b190d610d8ce85c940cde7f1542c0a5081a8d0ddb927a7454c
size 1251
