version https://git-lfs.github.com/spec/v1
oid sha256:fd4c9d5394caeb31ae60919c24d5968ebb3716d9200bf14613581da3ffc5492f
size 938
