version https://git-lfs.github.com/spec/v1
oid sha256:761e9ec37cc6b69b26aed7ab1bc1f645c909c7bf837db1dd8ef7fc173a3a262a
size 3301
