version https://git-lfs.github.com/spec/v1
oid sha256:c809203e5cdba4ce3404c3604c8e6a70333ade9a7695fd7322add56c1f0a579c
size 1195
