version https://git-lfs.github.com/spec/v1
oid sha256:fe1083542c858bd89aac155a5efee031e3e21af67bc0b65c854b396d70af1104
size 1160
