version https://git-lfs.github.com/spec/v1
oid sha256:ea41d87475c830b546398d171a2af95942d1ad0501cfaa01be42cadf1d8e428a
size 1276
