version https://git-lfs.github.com/spec/v1
oid sha256:ebf4303fa6efa93b38b8d512866c80182b4363a72654a6b2085ccd5f593f0e1b
size 1016
