version https://git-lfs.github.com/spec/v1
oid sha256:42592cf650df472d60417b8cd5539d21d330001197337815e0e7942a9bac5026
size 1370
