version https://git-lfs.github.com/spec/v1
oid sha256:eea42645c4355c83e7e2636659097c91c12d14d5b5d06679a6a64b1c014aaf54
size 1474
