version https://git-lfs.github.com/spec/v1
oid sha256:e6bc1a63d873a84df79fb48f51097076c76a58005d6279cc14cd07c9e6aa677d
size 5038
