version https://git-lfs.github.com/spec/v1
oid sha256:13db1e474340558b35805db2b696e084a73a4e1eaca03b765844ccec395ebf9f
size 1307
