version https://git-lfs.github.com/spec/v1
oid sha256:e2d267f22312b29a4247469cf1afe003aaea28d8276d4d882818d5c24e8dcb60
size 2026
