version https://git-lfs.github.com/spec/v1
oid sha256:8eccd987050b3de5081c7a9d5562970d6a43dbf473001d439e60cbdacf273030
size 1038
