version https://git-lfs.github.com/spec/v1
oid sha256:4331a66ecd4e87f637199d05dc6b1806a0e523233e8329424bdf3c3742245338
size 1423
