version https://git-lfs.github.com/spec/v1
oid sha256:ebb103fb9d8fbd7ddeae3d7abd971e1aa146c0add0e9ce5a6a631f1f40f97b71
size 1395
