version https://git-lfs.github.com/spec/v1
oid sha256:51c0f8bf2a1735a551710017b17628c2a643d9841f121df95da870f454efb197
size 909
