version https://git-lfs.github.com/spec/v1
oid sha256:4826fce407e4c490969046d26b811f4445dbbc39018e95e9315b3d8c16c15f4f
size 1001
