version https://git-lfs.github.com/spec/v1
oid sha256:3660762a260b8eaead34f6e9174e0520f83b2918ab200d30cd2db1e5f275dcb9
size 1069
