version https://git-lfs.github.com/spec/v1
oid sha256:e94f23ee428768c06117aa0d26ad047b012e3380d304cfdf17ec764ab4b44a5c
size 1158
