version https://git-lfs.github.com/spec/v1
oid sha256:33941a9ef20740171426dbeb048457f6df405d01c8fff92926af1dcf8d803de3
size 1249
