version https://git-lfs.github.com/spec/v1
oid sha256:d9bbef8e0b801dd81b055b7284fc5fbc69b9d224dada2e3b8a67f1373a099c60
size 1328
