version https://git-lfs.github.com/spec/v1
oid sha256:e7c78ccf9d3ab96f08d20b9235a5fb001b05a52ff0a3206c8c536a78c3c5dc9e
size 1377
