version https://git-lfs.github.com/spec/v1
oid sha256:1c1d11345961b1eb4c28bcfbbd12d7f49224fe36942ae1cf78b70c2ea0eca49d
size 977
