version https://git-lfs.github.com/spec/v1
oid sha256:2607b1a977303d3d1ea27432a31bb3781f220ec2d62a1cec8b311b86744fcb09
size 1432
