version https://git-lfs.github.com/spec/v1
oid sha256:9f1b372aaef517f4ef525e8bdb667102d8e8fd5ef040cee8452675b8c9b74387
size 1429
