version https://git-lfs.github.com/spec/v1
oid sha256:a760b526a8d206854fa68c9235c31817627acc88a64f84c141630eb23427bf19
size 1460
