version https://git-lfs.github.com/spec/v1
oid sha256:5ee9308cdf0dd4a1f39e09e513a47f4e9aa8ef3a4f91c08b52ef223ab1d0abd4
size 1602
