version https://git-lfs.github.com/spec/v1
oid sha256:4ee496e2e4f6d18de9687c70d58f70fd8fdcb4f457144c41eb4c55f95dfbd8ab
size 938
