version https://git-lfs.github.com/spec/v1
oid sha256:3e24d8f2ec4d7ff4e49830a6631a760c88b666d6681fedb8cbeea74f8d44eb47
size 1233
