version https://git-lfs.github.com/spec/v1
oid sha256:d4fc5b0e24bf87b96cf6a23b3263620ffffaa8c0848c91ee22c751a5c2490ddf
size 1554
