version https://git-lfs.github.com/spec/v1
oid sha256:27a99259b057cba28f0ba5c78598b2d005f9b993e53da882a42d3c3216d57d4a
size 1524
