version https://git-lfs.github.com/spec/v1
oid sha256:a9362a0f2ac2b7416c5f79bda095a797e9f0777ca63e0dde3cea7c23b1158f50
size 4410
