version https://git-lfs.github.com/spec/v1
oid sha256:d800b2dffc41fa79cbb0aa3d8ad703a1e67867610e4fe0489270798446376856
size 1514
