version https://git-lfs.github.com/spec/v1
oid sha256:2b34efed4c0a84e0eea1109d6425e995e93dff33d116cafc5739c74abc022ce0
size 937
