version https://git-lfs.github.com/spec/v1
oid sha256:7bec9bf15c563f4e2259d09d5f04e217d7f8d5fa81413d42b47f5815428c0c90
size 1600
