version https://git-lfs.github.com/spec/v1
oid sha256:c054d89e955a381c9ee42583fcaf2486cba2ae4c5a63598eca5bc806c17c58b6
size 1886
