version https://git-lfs.github.com/spec/v1
oid sha256:47b39a52b1c53d4dc9e3a54d72b29d932723cec3e547adb307a3a772bb182050
size 1564
