version https://git-lfs.github.com/spec/v1
oid sha256:acd9e3366acea83ee55bbe4112a406b830f8070da51090ada65a890948d5b1ee
size 1346
