version https://git-lfs.github.com/spec/v1
oid sha256:b5308ae7d360f93299364fcc24a6102d62b0f765f5cfc0687380534e502b064a
size 1899
